Start testing: Aug 22 16:52 EDT
----------------------------------------------------------
1/1 Testing: Encoder.QuoteRoundTrip
1/1 Test: Encoder.QuoteRoundTrip
Command: "/Users/michaelzheng/Desktop/slipstream/build/tests/slipstream_tests" "--gtest_filter=Encoder.QuoteRoundTrip" "--gtest_also_run_disabled_tests"
Directory: /Users/michaelzheng/Desktop/slipstream/build/tests
"Encoder.QuoteRoundTrip" start time: Aug 22 16:52 EDT
Output:
----------------------------------------------------------
Running main() from /Users/michaelzheng/Desktop/slipstream/build/_deps/googletest-src/googletest/src/gtest_main.cc
Note: Google Test filter = Encoder.QuoteRoundTrip
[==========] Running 1 test from 1 test suite.
[----------] Global test environment set-up.
[----------] 1 test from Encoder
[ RUN      ] Encoder.QuoteRoundTrip
[       OK ] Encoder.QuoteRoundTrip (0 ms)
[----------] 1 test from Encoder (0 ms total)

[----------] Global test environment tear-down
[==========] 1 test from 1 test suite ran. (0 ms total)
[  PASSED  ] 1 test.
<end of output>
Test time =   0.01 sec
----------------------------------------------------------
Test Passed.
"Encoder.QuoteRoundTrip" end time: Aug 22 16:52 EDT
"Encoder.QuoteRoundTrip" time elapsed: 00:00:00
----------------------------------------------------------

End testing: Aug 22 16:52 EDT
